<?xml version="1.0" encoding="UTF-8"?>
<testsuites name="Elearning Add Feedback Bank" time="30.689" tests="1" failures="0" errors="0">
   <testsuite name="Elearning Add Feedback Bank" tests="1" failures="0" errors="0" time="30.689" skipped="0" timestamp="25-01-2024T14:21:05" hostname="0763 - DESKTOP-EDU10JT" id="Test Suites/E-Learning/Elearning Add Feedback Bank">
      <properties>
         <property name="deviceName" value=""/>
         <property name="devicePlatform" value=""/>
         <property name="logFolder" value="C:\\Users\\0763\\GIT\\ujian-nasional-katalon\\Reports\\20240125_142039\\E-Learning\\Elearning Add Feedback Bank\\20240125_142039"/>
         <property name="logFiles" value="C:\\Users\\0763\\GIT\\ujian-nasional-katalon\\Reports\\20240125_142039\\E-Learning\\Elearning Add Feedback Bank\\20240125_142039\\execution0.log"/>
         <property name="attachments" value="C:\\Users\\0763\\GIT\\ujian-nasional-katalon\\Reports\\20240125_142039\\E-Learning\\Elearning Add Feedback Bank\\20240125_142039\\1706167278860.png, C:\\Users\\0763\\GIT\\ujian-nasional-katalon\\Reports\\20240125_142039\\E-Learning\\Elearning Add Feedback Bank\\20240125_142039\\1706167282984.png, C:\\Users\\0763\\GIT\\ujian-nasional-katalon\\Reports\\20240125_142039\\E-Learning\\Elearning Add Feedback Bank\\20240125_142039\\1706167294170.png, keyes\keyes-Success_add_FeedbackBank.png"/>
         <property name="hostName" value="0763 - DESKTOP-EDU10JT"/>
         <property name="os" value="Windows 11 64bit"/>
         <property name="katalonVersion" value="9.2.0.212"/>
         <property name="browser" value="Chrome 120.0.0.0"/>
         <property name="hostAddress" value="192.168.56.2"/>
         <property name="sessionId" value="c1c28206a785a42b727502b9ad88d167"/>
         <property name="seleniumVersion" value="3.141.59"/>
         <property name="proxyInformation" value="ProxyInformation { proxyOption=NO_PROXY, proxyServerType=HTTP, username=, password=********, proxyServerAddress=, proxyServerPort=0, executionList=&quot;&quot;, isApplyToDesiredCapabilities=true }"/>
         <property name="platform" value="Windows 11"/>
      </properties>
      <testcase name="Test Cases/CMS Elearning/elearning" time="30.367" classname="Test Cases/CMS Elearning/elearning" status="PASSED">
         <system-out><![CDATA[25-01-2024T14:21:06 - [TEST_CASE][PASSED] - Test Cases/CMS Elearning/elearning: Test Cases/CMS Elearning/elearning

25-01-2024T14:21:06 - [TEST_STEP][PASSED] - openBrowser(""): Browser is opened with url: ''

25-01-2024T14:21:07 - [MESSAGE][INFO] - Starting 'Chrome' driver

25-01-2024T14:21:07 - [MESSAGE][INFO] - Action delay is set to 0 milliseconds

25-01-2024T14:21:09 - [MESSAGE][PASSED] - Browser is opened with url: ''

25-01-2024T14:21:09 - [TEST_STEP][PASSED] - maximizeWindow(): Current window maximized

25-01-2024T14:21:09 - [MESSAGE][PASSED] - Current window maximized

25-01-2024T14:21:09 - [TEST_STEP][PASSED] - navigateToUrl("http://130.211.243.37:96/login"): Navigate to 'http://130.211.243.37:96/login' successfully

25-01-2024T14:21:17 - [MESSAGE][PASSED] - Navigate to 'http://130.211.243.37:96/login' successfully

25-01-2024T14:21:17 - [TEST_STEP][PASSED] - setText(findTestObject("Object Repository/E-Learning/Page_Login  Elearning CMS/input_email"), "admin@indocyber.com"): Text 'admin@indocyber.com' is set on object 'Object Repository/E-Learning/Page_Login  Elearning CMS/input_email'

25-01-2024T14:21:18 - [MESSAGE][PASSED] - Text 'admin@indocyber.com' is set on object 'Object Repository/E-Learning/Page_Login  Elearning CMS/input_email'

25-01-2024T14:21:18 - [TEST_STEP][PASSED] - setEncryptedText(findTestObject("Object Repository/E-Learning/Page_Login  Elearning CMS/input_password"), "hUKwJTbofgPU9eVlw/CnDQ=="): Text ****** has been set on object 'Object Repository/E-Learning/Page_Login  Elearning CMS/input_password'

25-01-2024T14:21:18 - [MESSAGE][PASSED] - Text ****** has been set on object 'Object Repository/E-Learning/Page_Login  Elearning CMS/input_password'

25-01-2024T14:21:18 - [TEST_STEP][PASSED] - takeScreenshot(): Taking screenshot successfully

25-01-2024T14:21:18 - [MESSAGE][PASSED] - Taking screenshot successfully
[[ATTACHMENT|C:\\Users\\0763\\GIT\\ujian-nasional-katalon\\Reports\\20240125_142039\\E-Learning\\Elearning Add Feedback Bank\\20240125_142039\\1706167278860.png]]

25-01-2024T14:21:18 - [TEST_STEP][PASSED] - click(findTestObject("Object Repository/E-Learning/Page_Login  Elearning CMS/button_Login")): Object: 'Object Repository/E-Learning/Page_Login  Elearning CMS/button_Login' is clicked on

25-01-2024T14:21:19 - [MESSAGE][PASSED] - Object: 'Object Repository/E-Learning/Page_Login  Elearning CMS/button_Login' is clicked on

25-01-2024T14:21:19 - [TEST_STEP][PASSED] - delay(3): Delayed 3 second(s)

25-01-2024T14:21:22 - [MESSAGE][PASSED] - Delayed 3 second(s)

25-01-2024T14:21:22 - [TEST_STEP][PASSED] - takeScreenshot(): Taking screenshot successfully

25-01-2024T14:21:23 - [MESSAGE][PASSED] - Taking screenshot successfully
[[ATTACHMENT|C:\\Users\\0763\\GIT\\ujian-nasional-katalon\\Reports\\20240125_142039\\E-Learning\\Elearning Add Feedback Bank\\20240125_142039\\1706167282984.png]]

25-01-2024T14:21:23 - [TEST_STEP][PASSED] - click(findTestObject("Object Repository/E-Learning/Page_Home  Elearning CMS/span_Feedback Bank")): Object: 'Object Repository/E-Learning/Page_Home  Elearning CMS/span_Feedback Bank' is clicked on

25-01-2024T14:21:24 - [MESSAGE][PASSED] - Object: 'Object Repository/E-Learning/Page_Home  Elearning CMS/span_Feedback Bank' is clicked on

25-01-2024T14:21:24 - [TEST_STEP][PASSED] - navigateToUrl("http://130.211.243.37:96/feedback"): Navigate to 'http://130.211.243.37:96/feedback' successfully

25-01-2024T14:21:24 - [MESSAGE][PASSED] - Navigate to 'http://130.211.243.37:96/feedback' successfully

25-01-2024T14:21:24 - [TEST_STEP][PASSED] - click(findTestObject("Object Repository/E-Learning/Page_Feedback Bank  Elearning CMS/button_Tambah                              _c47226")): Object: 'Object Repository/E-Learning/Page_Feedback Bank  Elearning CMS/button_Tambah                              _c47226' is clicked on

25-01-2024T14:21:27 - [MESSAGE][PASSED] - Object: 'Object Repository/E-Learning/Page_Feedback Bank  Elearning CMS/button_Tambah                              _c47226' is clicked on

25-01-2024T14:21:27 - [TEST_STEP][PASSED] - click(findTestObject("E-Learning/Page_Feedback Bank  Elearning CMS/expand_Choose Level"), STOP_ON_FAILURE): Object: 'Object Repository/E-Learning/Page_Feedback Bank  Elearning CMS/expand_Choose Level' is clicked on

25-01-2024T14:21:28 - [MESSAGE][PASSED] - Object: 'Object Repository/E-Learning/Page_Feedback Bank  Elearning CMS/expand_Choose Level' is clicked on

25-01-2024T14:21:28 - [TEST_STEP][PASSED] - setText(findTestObject("E-Learning/Page_Feedback Bank  Elearning CMS/Search_Level"), "Level 1"): Text 'Level 1' is set on object 'Object Repository/E-Learning/Page_Feedback Bank  Elearning CMS/Search_Level'

25-01-2024T14:21:29 - [MESSAGE][PASSED] - Text 'Level 1' is set on object 'Object Repository/E-Learning/Page_Feedback Bank  Elearning CMS/Search_Level'

25-01-2024T14:21:29 - [TEST_STEP][PASSED] - sendKeys(findTestObject("E-Learning/Page_Feedback Bank  Elearning CMS/Search_Level"), Keys.chord(ENTER)): Keys 'ENTER + ' sent to object: 'Object Repository/E-Learning/Page_Feedback Bank  Elearning CMS/Search_Level'

25-01-2024T14:21:29 - [MESSAGE][PASSED] - Keys 'ENTER + ' sent to object: 'Object Repository/E-Learning/Page_Feedback Bank  Elearning CMS/Search_Level'

25-01-2024T14:21:29 - [TEST_STEP][PASSED] - click(findTestObject("E-Learning/Page_Feedback Bank  Elearning CMS/expand_Choose Module")): Object: 'Object Repository/E-Learning/Page_Feedback Bank  Elearning CMS/expand_Choose Module' is clicked on

25-01-2024T14:21:30 - [MESSAGE][PASSED] - Object: 'Object Repository/E-Learning/Page_Feedback Bank  Elearning CMS/expand_Choose Module' is clicked on

25-01-2024T14:21:30 - [TEST_STEP][PASSED] - setText(findTestObject("E-Learning/Page_Feedback Bank  Elearning CMS/Search_Module"), "Module 1"): Text 'Module 1' is set on object 'Object Repository/E-Learning/Page_Feedback Bank  Elearning CMS/Search_Module'

25-01-2024T14:21:31 - [MESSAGE][PASSED] - Text 'Module 1' is set on object 'Object Repository/E-Learning/Page_Feedback Bank  Elearning CMS/Search_Module'

25-01-2024T14:21:31 - [TEST_STEP][PASSED] - sendKeys(findTestObject("E-Learning/Page_Feedback Bank  Elearning CMS/Search_Module"), Keys.chord(ENTER)): Keys 'ENTER + ' sent to object: 'Object Repository/E-Learning/Page_Feedback Bank  Elearning CMS/Search_Module'

25-01-2024T14:21:32 - [MESSAGE][PASSED] - Keys 'ENTER + ' sent to object: 'Object Repository/E-Learning/Page_Feedback Bank  Elearning CMS/Search_Module'

25-01-2024T14:21:32 - [TEST_STEP][PASSED] - setText(findTestObject("Object Repository/E-Learning/Page_Feedback Bank  Elearning CMS/input_title"), "Pertanyaan 1"): Text 'Pertanyaan 1' is set on object 'Object Repository/E-Learning/Page_Feedback Bank  Elearning CMS/input_title'

25-01-2024T14:21:33 - [MESSAGE][PASSED] - Text 'Pertanyaan 1' is set on object 'Object Repository/E-Learning/Page_Feedback Bank  Elearning CMS/input_title'

25-01-2024T14:21:33 - [TEST_STEP][PASSED] - click(findTestObject("Object Repository/E-Learning/Page_Feedback Bank  Elearning CMS/input_isActive")): Object: 'Object Repository/E-Learning/Page_Feedback Bank  Elearning CMS/input_isActive' is clicked on

25-01-2024T14:21:33 - [MESSAGE][PASSED] - Object: 'Object Repository/E-Learning/Page_Feedback Bank  Elearning CMS/input_isActive' is clicked on

25-01-2024T14:21:33 - [TEST_STEP][PASSED] - takeScreenshot(): Taking screenshot successfully

25-01-2024T14:21:34 - [MESSAGE][PASSED] - Taking screenshot successfully
[[ATTACHMENT|C:\\Users\\0763\\GIT\\ujian-nasional-katalon\\Reports\\20240125_142039\\E-Learning\\Elearning Add Feedback Bank\\20240125_142039\\1706167294170.png]]

25-01-2024T14:21:34 - [TEST_STEP][PASSED] - click(findTestObject("Object Repository/E-Learning/Page_Feedback Bank  Elearning CMS/button_Save")): Object: 'Object Repository/E-Learning/Page_Feedback Bank  Elearning CMS/button_Save' is clicked on

25-01-2024T14:21:34 - [MESSAGE][PASSED] - Object: 'Object Repository/E-Learning/Page_Feedback Bank  Elearning CMS/button_Save' is clicked on

25-01-2024T14:21:34 - [TEST_STEP][PASSED] - takeScreenshotAsCheckpoint("Success_add_FeedbackBank"): Taking screenshot successfully

25-01-2024T14:21:35 - [MESSAGE][INFO] - 0 hidden object(s)

25-01-2024T14:21:36 - [MESSAGE][PASSED] - Taking screenshot successfully
[[ATTACHMENT|keyes\keyes-Success_add_FeedbackBank.png]]

25-01-2024T14:21:36 - [TEST_STEP][PASSED] - closeBrowser(): Browser is closed

25-01-2024T14:21:36 - [MESSAGE][PASSED] - Browser is closed]]></system-out>
         <system-err><![CDATA[]]></system-err>
      </testcase>
      <system-out><![CDATA[25-01-2024T14:21:05 - [TEST_SUITE][PASSED] - Elearning Add Feedback Bank: Test Cases/CMS Elearning/elearning]]></system-out>
      <system-err><![CDATA[]]></system-err>
   </testsuite>
</testsuites>
